<?xml version="1.0" encoding="UTF-8"?>
<!-- Generated by org.testng.reporters.JUnitReportReporter -->
<testsuite skipped="0" hostname="LAPTOP-2TR9QOUP" name="automation_suite.TestngClass1" tests="2" failures="0" timestamp="19 Sep 2018 02:29:02 GMT" time="0.019" errors="0">
  <testcase name="C1M2" time="0.002" classname="automation_suite.TestngClass1"/>
  <testcase name="C1M1" time="0.017" classname="automation_suite.TestngClass1"/>
</testsuite> <!-- automation_suite.TestngClass1 -->
