<?xml version="1.0" encoding="UTF-8"?>
<!-- Generated by org.testng.reporters.JUnitReportReporter -->
<testsuite skipped="0" hostname="LAPTOP-2TR9QOUP" name="automation_suite.TestngClass2" tests="2" failures="0" timestamp="19 Sep 2018 02:29:02 GMT" time="0.003" errors="0">
  <testcase name="C2M1" time="0.002" classname="automation_suite.TestngClass2"/>
  <testcase name="C2M2" time="0.001" classname="automation_suite.TestngClass2"/>
</testsuite> <!-- automation_suite.TestngClass2 -->
